2014-09-01 02:40:09,487 [localhost-startStop-2] ERROR StackTrace  - Full Stack Trace:
java.io.FileNotFoundException: /home/luciene/.grails/2.2.4/projects/tutoit/tomcat/work/Tomcat/localhost/tutoit/SESSIONS.ser (Arquivo ou diretório não encontrado)
	at java.io.FileOutputStream.open(Native Method)
	at java.io.FileOutputStream.<init>(FileOutputStream.java:221)
	at java.io.FileOutputStream.<init>(FileOutputStream.java:110)
	at org.apache.catalina.session.StandardManager.doUnload(StandardManager.java:386)
	at org.apache.catalina.session.StandardManager.unload(StandardManager.java:353)
	at org.apache.catalina.session.StandardManager.stopInternal(StandardManager.java:518)
	at org.apache.catalina.util.LifecycleBase.stop(LifecycleBase.java:232)
	at org.apache.catalina.core.StandardContext.stopInternal(StandardContext.java:5622)
	at org.apache.catalina.util.LifecycleBase.stop(LifecycleBase.java:232)
	at org.apache.catalina.core.ContainerBase$StopChild.call(ContainerBase.java:1575)
	at org.apache.catalina.core.ContainerBase$StopChild.call(ContainerBase.java:1564)
	at java.util.concurrent.FutureTask.run(FutureTask.java:262)
	at java.util.concurrent.ThreadPoolExecutor.runWorker(ThreadPoolExecutor.java:1145)
	at java.util.concurrent.ThreadPoolExecutor$Worker.run(ThreadPoolExecutor.java:615)
	at java.lang.Thread.run(Thread.java:745)
2014-09-01 02:40:09,489 [localhost-startStop-2] ERROR StackTrace  - Full Stack Trace:
java.io.FileNotFoundException: /home/luciene/.grails/2.2.4/projects/tutoit/tomcat/work/Tomcat/localhost/tutoit/SESSIONS.ser (Arquivo ou diretório não encontrado)
	at java.io.FileOutputStream.<init>(FileOutputStream.java:221)
	at java.io.FileOutputStream.<init>(FileOutputStream.java:110)
	at java.util.concurrent.FutureTask.run(FutureTask.java:262)
	at java.util.concurrent.ThreadPoolExecutor.runWorker(ThreadPoolExecutor.java:1145)
	at java.util.concurrent.ThreadPoolExecutor$Worker.run(ThreadPoolExecutor.java:615)
	at java.lang.Thread.run(Thread.java:745)
2014-09-01 02:40:09,510 [localhost-startStop-2] ERROR StackTrace  - Full Stack Trace:
java.io.FileNotFoundException: /home/luciene/.grails/2.2.4/projects/tutoit/tomcat/work/Tomcat/localhost/tutoit/SESSIONS.ser (Arquivo ou diretório não encontrado)
	at java.io.FileOutputStream.<init>(FileOutputStream.java:221)
	at java.io.FileOutputStream.<init>(FileOutputStream.java:110)
	at java.util.concurrent.FutureTask.run(FutureTask.java:262)
	at java.util.concurrent.ThreadPoolExecutor.runWorker(ThreadPoolExecutor.java:1145)
	at java.util.concurrent.ThreadPoolExecutor$Worker.run(ThreadPoolExecutor.java:615)
	at java.lang.Thread.run(Thread.java:745)
2014-09-01 02:40:09,510 [localhost-startStop-2] ERROR StackTrace  - Full Stack Trace:
java.io.FileNotFoundException: /home/luciene/.grails/2.2.4/projects/tutoit/tomcat/work/Tomcat/localhost/tutoit/SESSIONS.ser (Arquivo ou diretório não encontrado)
	at java.io.FileOutputStream.<init>(FileOutputStream.java:221)
	at java.io.FileOutputStream.<init>(FileOutputStream.java:110)
	at java.util.concurrent.FutureTask.run(FutureTask.java:262)
	at java.util.concurrent.ThreadPoolExecutor.runWorker(ThreadPoolExecutor.java:1145)
	at java.util.concurrent.ThreadPoolExecutor$Worker.run(ThreadPoolExecutor.java:615)
	at java.lang.Thread.run(Thread.java:745)
